<?xml version="1.0" encoding="UTF-8"?>
<!-- Generated by org.testng.reporters.JUnitXMLReporter -->
<testsuite hostname="R3Laptop" ignored="0" name="Default test" tests="16" failures="0" timestamp="13 Oct 2017 00:18:13 GMT" time="130.183" errors="0">
  <testcase name="M_Blog" time="4.36" classname="com.basic.PruebaWeb"/>
  <testcase name="M_Conocenos" time="19.527" classname="com.basic.PruebaWeb"/>
  <testcase name="M_Empleos" time="6.198" classname="com.basic.PruebaWeb"/>
  <testcase name="M_Portafolio" time="13.879" classname="com.basic.PruebaWeb"/>
  <testcase name="M_Servicio_AIEU" time="6.603" classname="com.basic.PruebaWeb"/>
  <testcase name="M_Servicio_CCE" time="3.541" classname="com.basic.PruebaWeb"/>
  <testcase name="M_Servicio_CR" time="3.3" classname="com.basic.PruebaWeb"/>
  <testcase name="M_Servicio_CW" time="2.919" classname="com.basic.PruebaWeb"/>
  <testcase name="M_Servicio_DS" time="9.69" classname="com.basic.PruebaWeb"/>
  <testcase name="M_Servicio_DWRD" time="5.744" classname="com.basic.PruebaWeb"/>
  <testcase name="M_Servicio_EI" time="1.606" classname="com.basic.PruebaWeb"/>
  <testcase name="M_Servicio_ICERD" time="2.014" classname="com.basic.PruebaWeb"/>
  <testcase name="M_Servicio_ICRW" time="2.244" classname="com.basic.PruebaWeb"/>
  <testcase name="M_Servicio_MPCC" time="4.024" classname="com.basic.PruebaWeb"/>
  <testcase name="M_Servicio_MRSE" time="9.505" classname="com.basic.PruebaWeb"/>
  <testcase name="M_Servicio_SEO" time="1.653" classname="com.basic.PruebaWeb"/>
</testsuite> <!-- Default test -->
